<?xml version="1.0" ?>
<!DOCTYPE coverage SYSTEM "http://cobertura.sourceforge.net/xml/coverage-04.dtd">
<coverage lines-valid="35" lines-covered="31" line-rate="0.8856999999999999" branches-valid="20" branches-covered="18" branch-rate="0.9" timestamp="1751739159213" complexity="0" version="0.1">
  <sources>
    <source>/workspaces/Anythink-Market-z3senc7c</source>
  </sources>
  <packages>
    <package name="Anythink-Market-z3senc7c" line-rate="0.8" branch-rate="0.75">
      <classes>
        <class name="server.js" filename="server.js" line-rate="0.8" branch-rate="0.75">
          <methods>
            <method name="(anonymous_0)" hits="0" signature="()V">
              <lines>
                <line number="12" hits="0"/>
              </lines>
            </method>
          </methods>
          <lines>
            <line number="1" hits="1" branch="false"/>
            <line number="3" hits="1" branch="false"/>
            <line number="4" hits="1" branch="true" condition-coverage="100% (2/2)"/>
            <line number="6" hits="1" branch="false"/>
            <line number="8" hits="1" branch="false"/>
            <line number="9" hits="1" branch="false"/>
            <line number="11" hits="1" branch="true" condition-coverage="50% (1/2)"/>
            <line number="12" hits="0" branch="false"/>
            <line number="13" hits="0" branch="false"/>
            <line number="17" hits="1" branch="false"/>
          </lines>
        </class>
      </classes>
    </package>
    <package name="Anythink-Market-z3senc7c.api" line-rate="0.92" branch-rate="0.9375">
      <classes>
        <class name="controller.js" filename="api/controller.js" line-rate="0.9091" branch-rate="0.9375">
          <methods>
            <method name="(anonymous_0)" hits="37" signature="()V">
              <lines>
                <line number="3" hits="37"/>
              </lines>
            </method>
            <method name="(anonymous_1)" hits="8" signature="()V">
              <lines>
                <line number="4" hits="8"/>
              </lines>
            </method>
            <method name="(anonymous_2)" hits="6" signature="()V">
              <lines>
                <line number="15" hits="6"/>
              </lines>
            </method>
            <method name="(anonymous_3)" hits="0" signature="()V">
              <lines>
                <line number="16" hits="0"/>
              </lines>
            </method>
            <method name="(anonymous_4)" hits="6" signature="()V">
              <lines>
                <line number="17" hits="6"/>
              </lines>
            </method>
            <method name="(anonymous_5)" hits="7" signature="()V">
              <lines>
                <line number="18" hits="7"/>
              </lines>
            </method>
            <method name="(anonymous_6)" hits="10" signature="()V">
              <lines>
                <line number="19" hits="10"/>
              </lines>
            </method>
          </methods>
          <lines>
            <line number="3" hits="1" branch="false"/>
            <line number="4" hits="37" branch="false"/>
            <line number="5" hits="8" branch="true" condition-coverage="50% (1/2)"/>
            <line number="6" hits="0" branch="false"/>
            <line number="9" hits="8" branch="false"/>
            <line number="10" hits="8" branch="false"/>
            <line number="14" hits="37" branch="false"/>
            <line number="15" hits="6" branch="false"/>
            <line number="16" hits="0" branch="false"/>
            <line number="17" hits="6" branch="false"/>
            <line number="18" hits="7" branch="false"/>
            <line number="19" hits="10" branch="false"/>
            <line number="22" hits="37" branch="true" condition-coverage="100% (2/2)"/>
            <line number="23" hits="1" branch="false"/>
            <line number="26" hits="36" branch="false"/>
            <line number="28" hits="36" branch="true" condition-coverage="100% (2/2)"/>
            <line number="29" hits="1" branch="false"/>
            <line number="32" hits="35" branch="true" condition-coverage="100% (5/5)"/>
            <line number="35" hits="4" branch="false"/>
            <line number="38" hits="31" branch="true" condition-coverage="100% (5/5)"/>
            <line number="41" hits="2" branch="false"/>
            <line number="44" hits="29" branch="false"/>
          </lines>
        </class>
        <class name="routes.js" filename="api/routes.js" line-rate="1" branch-rate="1">
          <methods>
            <method name="(anonymous_0)" hits="1" signature="()V">
              <lines>
                <line number="1" hits="1"/>
              </lines>
            </method>
          </methods>
          <lines>
            <line number="1" hits="1" branch="false"/>
            <line number="2" hits="1" branch="false"/>
            <line number="3" hits="1" branch="false"/>
          </lines>
        </class>
      </classes>
    </package>
  </packages>
</coverage>
